--- Results
 Sentence: []
  ! No rule matched the whole sentence !
 Sentences without results : 1
 Classified sentences % 	  : 0.0
 --- Results
 Sentence: []
  ! No rule matched the whole sentence !
 Sentences without results : 1
 Classified sentences % 	  : 0.0
 --- Results
 Sentence: []
  ! No rule matched the whole sentence !
 Sentences without results : 1
 Classified sentences % 	  : 0.0
 --- Results
 Sentence: []
  ! No rule matched the whole sentence !
 Sentences without results : 1
 Classified sentences % 	  : 0.0
 --- Results
 Sentence: []
  ! No rule matched the whole sentence !
 Sentences without results : 1
 Classified sentences % 	  : 0.0
 --- Results
 Sentence: []
  ! No rule matched the whole sentence !
 Sentences without results : 1
 Classified sentences % 	  : 0.0
 --- Results
 Sentence: []
  ! No rule matched the whole sentence !
 Sentences without results : 1
 Classified sentences % 	  : 0.0
 --- Results
 Sentence: []
    [Result [] = [unmarkiertes, eingliedriges Subjekt] UNEXPECTED]
 Sentences without results : 0
 Classified sentences % 	  : 100.0
 --- Results
 Sentence: []
    [Result [] = [unmarkiertes, eingliedriges Subjekt] UNEXPECTED]
 Sentences without results : 0
 Classified sentences % 	  : 100.0
 --- Results
 Sentence: []
    [Result [] = [unmarkiertes, eingliedriges Subjekt] UNEXPECTED]
 Sentences without results : 0
 Classified sentences % 	  : 100.0
 --- Results
 Sentence: []
    [Result [] = [unmarkiertes, eingliedriges Subjekt] UNEXPECTED]
 Sentences without results : 0
 Classified sentences % 	  : 100.0
 --- Results
 Sentence: []
    [Result [] = [unmarkiertes, eingliedriges Subjekt] UNEXPECTED]
 Sentences without results : 0
 Classified sentences % 	  : 100.0
 --- Results
 Sentence: []
    [Result [] = [unmarkiertes, eingliedriges Subjekt] UNEXPECTED]
 Sentences without results : 0
 Classified sentences % 	  : 100.0
 --- Results
 Sentence: []
    [Result [] = [unmarkiertes, eingliedriges Subjekt] UNEXPECTED]
 Sentences without results : 0
 Classified sentences % 	  : 100.0
 --- Results
 Sentence: []
    [Result [] = [unmarkiertes, eingliedriges Subjekt] UNEXPECTED]
 Sentences without results : 0
 Classified sentences % 	  : 100.0
 --- Results
 Sentence: []
    [Result [] = [unmarkiertes, eingliedriges Subjekt] UNEXPECTED]
 Sentences without results : 0
 Classified sentences % 	  : 100.0
 --- Results
 Sentence: []
  ! No rule matched the whole sentence !
 Sentences without results : 1
 Classified sentences % 	  : 0.0
 --- Results
 Sentence: []
  ! No rule matched the whole sentence !
 Sentences without results : 1
 Classified sentences % 	  : 0.0
 --- Results
 Sentence: []
  ! No rule matched the whole sentence !
 Sentences without results : 1
 Classified sentences % 	  : 0.0
 --- Results
 Sentence: []
  ! No rule matched the whole sentence !
 Sentences without results : 1
 Classified sentences % 	  : 0.0
 --- Results
 Sentence: []
  ! No rule matched the whole sentence !
 Sentences without results : 1
 Classified sentences % 	  : 0.0
 